<?xml version="1.0" encoding="UTF-8"?><testsuites failures="11" name="dependency-check" tests="0"><testsuite failures="8" errors="0" time="0" id="0" name="C:\Users\user\Documents\Training\VulnerableJavaWebApplication\src\main\webapp\resources\js\bootstrap.min.js" package="bootstrap.min.js" skipped="0" tests="8" timestamp="2025-10-27T22:04:48.3328492"><testcase classname="CVE-2016-10735" name="pkg:javascript/bootstrap@3.3.7"><failure message="cvssV3: MEDIUM, score: 6.1 (CVSS:3.0/AV:N/AC:L/PR:N/UI:R/S:C/C:L/I:L/A:N/E:2.8/RC:R/MAV:A)"/><system-out>In Bootstrap 3.x before 3.4.0 and 4.x-beta before 4.0.0-beta.2, XSS is possible in the data-target attribute, a different vulnerability than CVE-2018-14041.</system-out><system-err>location: C:\Users\user\Documents\Training\VulnerableJavaWebApplication\src\main\webapp\resources\js\bootstrap.min.js, project-references: [  ]</system-err></testcase><testcase classname="CVE-2018-14041" name="pkg:javascript/bootstrap@3.3.7"><failure message="cvssV3: MEDIUM, score: 6.1 (CVSS:3.0/AV:N/AC:L/PR:N/UI:R/S:C/C:L/I:L/A:N/E:2.8/RC:R/MAV:A)"/><system-out>In Bootstrap before 4.1.2, XSS is possible in the data-target property of scrollspy.</system-out><system-err>location: C:\Users\user\Documents\Training\VulnerableJavaWebApplication\src\main\webapp\resources\js\bootstrap.min.js, project-references: [  ]</system-err></testcase><testcase classname="CVE-2018-14042" name="pkg:javascript/bootstrap@3.3.7"><failure message="cvssV3: MEDIUM, score: 6.1 (CVSS:3.0/AV:N/AC:L/PR:N/UI:R/S:C/C:L/I:L/A:N/E:2.8/RC:R/MAV:A)"/><system-out>In Bootstrap before 4.1.2, XSS is possible in the data-container property of tooltip.</system-out><system-err>location: C:\Users\user\Documents\Training\VulnerableJavaWebApplication\src\main\webapp\resources\js\bootstrap.min.js, project-references: [  ]</system-err></testcase><testcase classname="CVE-2018-20676" name="pkg:javascript/bootstrap@3.3.7"><failure message="cvssV3: MEDIUM, score: 6.1 (CVSS:3.0/AV:N/AC:L/PR:N/UI:R/S:C/C:L/I:L/A:N/E:2.8/RC:R/MAV:A)"/><system-out>In Bootstrap before 3.4.0, XSS is possible in the tooltip data-viewport attribute.</system-out><system-err>location: C:\Users\user\Documents\Training\VulnerableJavaWebApplication\src\main\webapp\resources\js\bootstrap.min.js, project-references: [  ]</system-err></testcase><testcase classname="CVE-2018-20677" name="pkg:javascript/bootstrap@3.3.7"><failure message="cvssV3: MEDIUM, score: 6.1 (CVSS:3.0/AV:N/AC:L/PR:N/UI:R/S:C/C:L/I:L/A:N/E:2.8/RC:R/MAV:A)"/><system-out>In Bootstrap before 3.4.0, XSS is possible in the affix configuration target property.</system-out><system-err>location: C:\Users\user\Documents\Training\VulnerableJavaWebApplication\src\main\webapp\resources\js\bootstrap.min.js, project-references: [  ]</system-err></testcase><testcase classname="CVE-2019-8331" name="pkg:javascript/bootstrap@3.3.7"><failure message="cvssV3: MEDIUM, score: 6.1 (CVSS:3.1/AV:N/AC:L/PR:N/UI:R/S:C/C:L/I:L/A:N/E:2.8/RC:R/MAV:A)"/><system-out>In Bootstrap before 3.4.1 and 4.3.x before 4.3.1, XSS is possible in the tooltip or popover data-template attribute.</system-out><system-err>location: C:\Users\user\Documents\Training\VulnerableJavaWebApplication\src\main\webapp\resources\js\bootstrap.min.js, project-references: [  ]</system-err></testcase><testcase classname="CVE-2024-6485" name="pkg:javascript/bootstrap@3.3.7"><failure message="unscored severity: medium"/><system-out><![CDATA[ https://www.herodevs.com/vulnerability-directory/cve-2024-6485: https://www.herodevs.com/vulnerability-directory/cve-2024-6485https://github.com/advisories/GHSA-vxmc-5x29-h64v: https://github.com/advisories/GHSA-vxmc-5x29-h64vhttps://nvd.nist.gov/vuln/detail/CVE-2024-6485: https://nvd.nist.gov/vuln/detail/CVE-2024-6485https://github.com/twbs/bootstrap: https://github.com/twbs/bootstrap]]></system-out><system-err>location: C:\Users\user\Documents\Training\VulnerableJavaWebApplication\src\main\webapp\resources\js\bootstrap.min.js, project-references: [  ]</system-err></testcase><testcase classname="Bootstrap before 4.0.0 is end-of-life and no longer maintained." name="pkg:javascript/bootstrap@3.3.7"><failure message="unscored severity: low"/><system-out>Bootstrap before 4.0.0 is end-of-life and no longer maintained.</system-out><system-err>location: C:\Users\user\Documents\Training\VulnerableJavaWebApplication\src\main\webapp\resources\js\bootstrap.min.js, project-references: [  ]</system-err></testcase></testsuite><testsuite failures="3" errors="0" time="0" id="1" name="C:\Users\user\Documents\Training\VulnerableJavaWebApplication\src\main\webapp\resources\js\jquery.min.js" package="jquery.min.js" skipped="0" tests="3" timestamp="2025-10-27T22:04:48.3328492"><testcase classname="CVE-2019-11358" name="pkg:javascript/jquery@3.1.0"><failure message="cvssV3: MEDIUM, score: 6.1 (CVSS:3.1/AV:N/AC:L/PR:N/UI:R/S:C/C:L/I:L/A:N/E:2.8/RC:R/MAV:A)"/><system-out>jQuery before 3.4.0, as used in Drupal, Backdrop CMS, and other products, mishandles jQuery.extend(true, {}, ...) because of Object.prototype pollution. If an unsanitized source object contained an enumerable __proto__ property, it could extend the native Object.prototype.</system-out><system-err>location: C:\Users\user\Documents\Training\VulnerableJavaWebApplication\src\main\webapp\resources\js\jquery.min.js, project-references: [  ]</system-err></testcase><testcase classname="CVE-2020-11022" name="pkg:javascript/jquery@3.1.0"><failure message="cvssV3: MEDIUM, score: 6.1 (CVSS:3.1/AV:N/AC:L/PR:N/UI:R/S:C/C:L/I:L/A:N/E:2.8/RC:R/MAV:A)"/><system-out>In jQuery versions greater than or equal to 1.2 and before 3.5.0, passing HTML from untrusted sources - even after sanitizing it - to one of jQuery&apos;s DOM manipulation methods (i.e. .html(), .append(), and others) may execute untrusted code. This problem is patched in jQuery 3.5.0.</system-out><system-err>location: C:\Users\user\Documents\Training\VulnerableJavaWebApplication\src\main\webapp\resources\js\jquery.min.js, project-references: [  ]</system-err></testcase><testcase classname="CVE-2020-11023" name="pkg:javascript/jquery@3.1.0"><failure message="cvssV3: MEDIUM, score: 6.1 (CVSS:3.1/AV:N/AC:L/PR:N/UI:R/S:C/C:L/I:L/A:N/E:2.8/RC:R/MAV:A)"/><system-out>In jQuery versions greater than or equal to 1.0.3 and before 3.5.0, passing HTML containing &lt;option&gt; elements from untrusted sources - even after sanitizing it - to one of jQuery&apos;s DOM manipulation methods (i.e. .html(), .append(), and others) may execute untrusted code. This problem is patched in jQuery 3.5.0.</system-out><system-err>location: C:\Users\user\Documents\Training\VulnerableJavaWebApplication\src\main\webapp\resources\js\jquery.min.js, project-references: [  ]</system-err></testcase></testsuite></testsuites>